10.11.2021 19:13:27.754 [main] DEBUG  o.t.u.TestcontainersConfiguration - Testcontainers configuration overrides will be loaded from file:/C:/Users/admin/.testcontainers.properties
10.11.2021 19:13:27.783 [main] WARN   o.t.u.TestcontainersConfiguration - Attempted to read Testcontainers configuration file at file:/C:/Users/admin/.testcontainers.properties but the file was not found. Exception message: FileNotFoundException: C:\Users\admin\.testcontainers.properties (Не удается найти указанный файл)
10.11.2021 19:13:27.834 [main] DEBUG  o.t.d.DockerClientProviderStrategy - Trying out strategy: NpipeSocketClientProviderStrategy
10.11.2021 19:13:28.536 [ducttape-0] DEBUG  o.t.d.DockerClientProviderStrategy - Pinging docker daemon...
10.11.2021 19:13:28.603 [ducttape-0] DEBUG  o.t.s.c.g.d.c.c.AbstrDockerCmd - Cmd: 
10.11.2021 19:13:28.643 [ducttape-0] DEBUG  c.g.d.z.s.o.a.h.c.h.i.c.InternalHttpClient - ex-00000001: preparing request execution
10.11.2021 19:13:28.649 [ducttape-0] DEBUG  c.g.d.z.s.o.a.h.c.h.p.RequestAddCookies - Cookie spec selected: strict
10.11.2021 19:13:28.657 [ducttape-0] DEBUG  c.g.d.z.s.o.a.h.c.h.p.RequestAuthCache - Auth cache not set in the context
10.11.2021 19:13:28.657 [ducttape-0] DEBUG  c.g.d.z.s.o.a.h.c.h.i.c.ProtocolExec - ex-00000001: target auth state: UNCHALLENGED
10.11.2021 19:13:28.658 [ducttape-0] DEBUG  c.g.d.z.s.o.a.h.c.h.i.c.ProtocolExec - ex-00000001: proxy auth state: UNCHALLENGED
10.11.2021 19:13:28.660 [ducttape-0] DEBUG  c.g.d.z.s.o.a.h.c.h.i.c.ConnectExec - ex-00000001: acquiring connection with route {}->npipe://localhost:2375
10.11.2021 19:13:28.660 [ducttape-0] DEBUG  c.g.d.z.s.o.a.h.c.h.i.c.InternalHttpClient - ex-00000001: acquiring endpoint (3 MINUTES)
10.11.2021 19:13:28.662 [ducttape-0] DEBUG  c.g.d.z.s.o.a.h.c.h.i.i.PoolingHttpClientConnectionManager - ex-00000001: endpoint lease request (3 MINUTES) [route: {}->npipe://localhost:2375][total available: 0; route allocated: 0 of 2147483647; total allocated: 0 of 2147483647]
10.11.2021 19:13:28.668 [ducttape-0] DEBUG  c.g.d.z.s.o.a.h.c.h.i.i.PoolingHttpClientConnectionManager - ex-00000001: endpoint leased [route: {}->npipe://localhost:2375][total available: 0; route allocated: 1 of 2147483647; total allocated: 1 of 2147483647]
10.11.2021 19:13:28.685 [ducttape-0] DEBUG  c.g.d.z.s.o.a.h.c.h.i.i.PoolingHttpClientConnectionManager - ex-00000001: acquired ep-00000000
10.11.2021 19:13:28.685 [ducttape-0] DEBUG  c.g.d.z.s.o.a.h.c.h.i.c.InternalHttpClient - ex-00000001: acquired endpoint ep-00000000
10.11.2021 19:13:28.686 [ducttape-0] DEBUG  c.g.d.z.s.o.a.h.c.h.i.c.ConnectExec - ex-00000001: opening connection {}->npipe://localhost:2375
10.11.2021 19:13:28.686 [ducttape-0] DEBUG  c.g.d.z.s.o.a.h.c.h.i.c.InternalHttpClient - ep-00000000: connecting endpoint (3 MINUTES)
10.11.2021 19:13:28.687 [ducttape-0] DEBUG  c.g.d.z.s.o.a.h.c.h.i.i.PoolingHttpClientConnectionManager - ep-00000000: connecting endpoint to npipe://localhost:2375 (3 MINUTES)
10.11.2021 19:13:28.708 [ducttape-0] DEBUG  c.g.d.z.s.o.a.h.c.h.i.i.DefaultHttpClientConnectionOperator - http-outgoing-0: connecting to localhost/127.0.0.1:2375
10.11.2021 19:13:33.545 [main] DEBUG  c.g.d.z.s.o.a.h.c.h.i.i.PoolingHttpClientConnectionManager - Shutdown connection pool GRACEFUL
10.11.2021 19:13:33.545 [main] DEBUG  c.g.d.z.s.o.a.h.c.h.i.i.DefaultManagedHttpClientConnection - http-outgoing-0: close connection GRACEFUL
10.11.2021 19:13:33.546 [main] DEBUG  c.g.d.z.s.o.a.h.c.h.i.i.PoolingHttpClientConnectionManager - Connection pool shut down
10.11.2021 19:13:33.547 [main] DEBUG  o.t.d.DockerClientProviderStrategy - NpipeSocketClientProviderStrategy: failed with exception TimeoutException (org.rnorth.ducttape.TimeoutException: java.util.concurrent.TimeoutException). Root cause TimeoutException (null)
10.11.2021 19:13:33.603 [main] INFO   o.t.d.DockerMachineClientProviderStrategy - docker-machine executable was not found on PATH ([C:\Program Files\Common Files\Oracle\Java\javapath, C:\Program Files (x86)\Common Files\Oracle\Java\javapath, C:\Users\admin\OneDrive\Документы\graalvm-ce-java8-21.1.0\bin, C:\Program Files (x86)\Intel\iCLS Client\, C:\Program Files\Intel\iCLS Client\, C:\Windows\system32, C:\Windows, C:\Windows\System32\Wbem, C:\Windows\System32\WindowsPowerShell\v1.0\, C:\Windows\System32\OpenSSH\, C:\Program Files (x86)\Intel\Intel(R) Management Engine Components\DAL, C:\Program Files\Intel\Intel(R) Management Engine Components\DAL, C:\Program Files (x86)\Intel\Intel(R) Management Engine Components\IPT, C:\Program Files\Intel\Intel(R) Management Engine Components\IPT, C:\Program Files (x86)\NVIDIA Corporation\PhysX\Common, C:\Program Files\NVIDIA Corporation\NVIDIA NvDLISR, C:\Program Files (x86)\Universal Extractor, C:\Program Files (x86)\Universal Extractor\bin, C:\WINDOWS\system32, C:\WINDOWS, C:\WINDOWS\System32\Wbem, C:\WINDOWS\System32\WindowsPowerShell\v1.0\, C:\WINDOWS\System32\OpenSSH\, C:\Program Files\Microsoft SQL Server\130\Tools\Binn\, C:\Program Files\Microsoft SQL Server\Client SDK\ODBC\170\Tools\Binn\, C:\Program Files\Git\cmd, C:\Program Files\Java\jdk-11.0.12\bin\, C:\Program Files\Docker\Docker\resources\bin, C:\ProgramData\DockerDesktop\version-bin, C:\Program Files\dotnet\, C:\Users\admin\AppData\Local\Programs\Python\Python39\Scripts\, C:\Users\admin\AppData\Local\Programs\Python\Python39\, C:\Users\admin\AppData\Local\Programs\Python\Launcher\, C:\Users\admin\scoop\shims, C:\Users\admin\AppData\Local\Microsoft\WindowsApps, C:\Users\admin\IntelliJ IDEA Community Edition\bin, E:\Pr\java\Maven\bin, C:\Users\admin\.dotnet\tools])
10.11.2021 19:13:33.604 [main] ERROR  o.t.d.DockerClientProviderStrategy - Could not find a valid Docker environment. Please check configuration. Attempted configurations were:
10.11.2021 19:13:33.604 [main] ERROR  o.t.d.DockerClientProviderStrategy -     NpipeSocketClientProviderStrategy: failed with exception TimeoutException (org.rnorth.ducttape.TimeoutException: java.util.concurrent.TimeoutException). Root cause TimeoutException (null)
10.11.2021 19:13:33.604 [main] ERROR  o.t.d.DockerClientProviderStrategy - As no valid configuration was found, execution cannot continue
